cdparanoia -L --force-cdrom-device /dev/cdrom -B --output-wav 1-18 
cdparanoia III release 10.2 (September 11, 2008)

Ripping from sector       0 (track  1 [0:00.00])
	  to sector  280711 (track 18 [3:38.31])

outputting to track01.cdda.wav



outputting to track02.cdda.wav



outputting to track03.cdda.wav



outputting to track04.cdda.wav



outputting to track05.cdda.wav



outputting to track06.cdda.wav



outputting to track07.cdda.wav



outputting to track08.cdda.wav



outputting to track09.cdda.wav



outputting to track10.cdda.wav



outputting to track11.cdda.wav



outputting to track12.cdda.wav



outputting to track13.cdda.wav



outputting to track14.cdda.wav



outputting to track15.cdda.wav



outputting to track16.cdda.wav



outputting to track17.cdda.wav



outputting to track18.cdda.wav



Done.


